<?xml version="1.0" encoding="UTF-8"?>
<testsuite name="by.epam.com.StringUtilsTest" tests="1" skipped="0" failures="0" errors="0" timestamp="2020-12-24T20:26:00" hostname="LAPTOP-0M5MSA8S" time="0.016">
  <properties/>
  <testcase name="isPositiveNumberTest()" classname="by.epam.com.StringUtilsTest" time="0.016"/>
  <system-out><![CDATA[]]></system-out>
  <system-err><![CDATA[]]></system-err>
</testsuite>
